<?xml version="1.0" encoding="UTF-8"?>
<robot generator="Robot 4.1.1 (Python 3.9.7 on win32)" generated="20220131 09:41:48.431" rpa="false" schemaversion="2">
<suite id="s1" name="Users" source="C:\estudos\gravidade\getgeeks\projectgz\backend\users\tests\Users.robot">
<test id="s1-t1" name="Add new user">
<kw name="Factory New User" library="Users">
<var>${user}</var>
<msg timestamp="20220131 09:41:48.844" level="INFO">${user} = {'name': 'Clint Barton', 'email': 'barton@shield.com', 'password': 'pwd123'}</msg>
<status status="PASS" starttime="20220131 09:41:48.844" endtime="20220131 09:41:48.844"/>
</kw>
<kw name="Remove User" library="Helpers">
<arg>${user}</arg>
<kw name="Create Dictionary" library="BuiltIn">
<var>${payload}</var>
<arg>email=${user}[email]</arg>
<arg>password=${user}[password]</arg>
<doc>Creates and returns a dictionary based on the given ``items``.</doc>
<msg timestamp="20220131 09:41:48.844" level="INFO">${payload} = {'email': 'barton@shield.com', 'password': 'pwd123'}</msg>
<status status="PASS" starttime="20220131 09:41:48.844" endtime="20220131 09:41:48.844"/>
</kw>
<kw name="POST Session" library="SessionsRoute">
<var>${response}</var>
<arg>${payload}</arg>
<kw name="POST" library="RequestsLibrary">
<var>${response}</var>
<arg>${API_USERS}/sessions</arg>
<arg>json=${payload}</arg>
<arg>expected_status=any</arg>
<doc>Sends a POST request.</doc>
<msg timestamp="20220131 09:41:49.519" level="INFO">POST Request : url=https://getgeeks-users-daniel.herokuapp.com/sessions 
 path_url=/sessions 
 headers={'User-Agent': 'python-requests/2.26.0', 'Accept-Encoding': 'gzip, deflate', 'Accept': '*/*', 'Connection': 'keep-alive', 'Content-Length': '52', 'Content-Type': 'application/json'} 
 body=b'{"email": "barton@shield.com", "password": "pwd123"}' 
 </msg>
<msg timestamp="20220131 09:41:49.519" level="INFO">POST Response : url=https://getgeeks-users-daniel.herokuapp.com/sessions 
 status=200, reason=OK 
 headers={'Server': 'Cowboy', 'Connection': 'keep-alive', 'X-Powered-By': 'Express', 'Access-Control-Allow-Origin': '*', 'Content-Type': 'application/json; charset=utf-8', 'Content-Length': '366', 'Etag': 'W/"16e-vglYMyLpCZam0CrR9RDSZl0w5tQ"', 'Date': 'Mon, 31 Jan 2022 12:41:50 GMT', 'Via': '1.1 vegur'} 
 body={"user":{"id":1182,"email":"barton@shield.com","password_hash":"$2b$08$cXP3sjcVs///l4rB5syoVu9errTMY31rbw4/r8AgVhi4THbPSpNHq","name":"Clint Barton","avatar":null,"whatsapp":null,"is_geek":false},"token":"eyJhbGciOiJIUzI1NiIsInR5cCI6IkpXVCJ9.eyJpZCI6MTE4MiwiaWF0IjoxNjQzNjMyOTEwLCJleHAiOjE2NDQ0OTY5MTB9.wXKqREeTiZA_SlUTfHT_nGoAebE_aQnp8eZAyeXqiUI","expires_in":"10d"} 
 </msg>
<msg timestamp="20220131 09:41:49.519" level="INFO">${response} = &lt;Response [200]&gt;</msg>
<status status="PASS" starttime="20220131 09:41:48.844" endtime="20220131 09:41:49.519"/>
</kw>
<msg timestamp="20220131 09:41:49.519" level="INFO">${response} = &lt;Response [200]&gt;</msg>
<status status="PASS" starttime="20220131 09:41:48.844" endtime="20220131 09:41:49.519"/>
</kw>
<if>
<branch type="IF" condition="&quot;200&quot; in &quot;${response}&quot;">
<kw name="Set Variable" library="BuiltIn">
<var>${token}</var>
<arg>Bearer ${response.json()}[token]</arg>
<doc>Returns the given values which can then be assigned to a variables.</doc>
<msg timestamp="20220131 09:41:49.527" level="INFO">${token} = Bearer eyJhbGciOiJIUzI1NiIsInR5cCI6IkpXVCJ9.eyJpZCI6MTE4MiwiaWF0IjoxNjQzNjMyOTEwLCJleHAiOjE2NDQ0OTY5MTB9.wXKqREeTiZA_SlUTfHT_nGoAebE_aQnp8eZAyeXqiUI</msg>
<status status="PASS" starttime="20220131 09:41:49.527" endtime="20220131 09:41:49.527"/>
</kw>
<kw name="DELETE User" library="UsersRoute">
<arg>${token}</arg>
<kw name="Create Dictionary" library="BuiltIn">
<var>${headers}</var>
<arg>Authorization=${token}</arg>
<doc>Creates and returns a dictionary based on the given ``items``.</doc>
<msg timestamp="20220131 09:41:49.534" level="INFO">${headers} = {'Authorization': 'Bearer eyJhbGciOiJIUzI1NiIsInR5cCI6IkpXVCJ9.eyJpZCI6MTE4MiwiaWF0IjoxNjQzNjMyOTEwLCJleHAiOjE2NDQ0OTY5MTB9.wXKqREeTiZA_SlUTfHT_nGoAebE_aQnp8eZAyeXqiUI'}</msg>
<status status="PASS" starttime="20220131 09:41:49.527" endtime="20220131 09:41:49.534"/>
</kw>
<kw name="DELETE" library="RequestsLibrary">
<var>${response}</var>
<arg>${API_USERS}/users</arg>
<arg>headers=${headers}</arg>
<arg>expected_status=any</arg>
<doc>Sends a DELETE request.</doc>
<msg timestamp="20220131 09:41:50.144" level="INFO">DELETE Request : url=https://getgeeks-users-daniel.herokuapp.com/users 
 path_url=/users 
 headers={'User-Agent': 'python-requests/2.26.0', 'Accept-Encoding': 'gzip, deflate', 'Accept': '*/*', 'Connection': 'keep-alive', 'Authorization': 'Bearer eyJhbGciOiJIUzI1NiIsInR5cCI6IkpXVCJ9.eyJpZCI6MTE4MiwiaWF0IjoxNjQzNjMyOTEwLCJleHAiOjE2NDQ0OTY5MTB9.wXKqREeTiZA_SlUTfHT_nGoAebE_aQnp8eZAyeXqiUI', 'Content-Length': '0'} 
 body=None 
 </msg>
<msg timestamp="20220131 09:41:50.144" level="INFO">DELETE Response : url=https://getgeeks-users-daniel.herokuapp.com/users 
 status=204, reason=No Content 
 headers={'Server': 'Cowboy', 'Content-Length': '0', 'Connection': 'keep-alive', 'X-Powered-By': 'Express', 'Access-Control-Allow-Origin': '*', 'Date': 'Mon, 31 Jan 2022 12:41:50 GMT', 'Via': '1.1 vegur'} 
 body=None 
 </msg>
<msg timestamp="20220131 09:41:50.144" level="INFO">${response} = &lt;Response [204]&gt;</msg>
<status status="PASS" starttime="20220131 09:41:49.534" endtime="20220131 09:41:50.144"/>
</kw>
<status status="PASS" starttime="20220131 09:41:49.527" endtime="20220131 09:41:50.144"/>
</kw>
<status status="PASS" starttime="20220131 09:41:49.527" endtime="20220131 09:41:50.144"/>
</branch>
<status status="PASS" starttime="20220131 09:41:49.519" endtime="20220131 09:41:50.144"/>
</if>
<status status="PASS" starttime="20220131 09:41:48.844" endtime="20220131 09:41:50.144"/>
</kw>
<kw name="POST User" library="UsersRoute">
<var>${response}</var>
<arg>${user}</arg>
<kw name="POST" library="RequestsLibrary">
<var>${response}</var>
<arg>${API_USERS}/users</arg>
<arg>json=${payload}</arg>
<arg>expected_status=any</arg>
<doc>Sends a POST request.</doc>
<msg timestamp="20220131 09:41:50.783" level="INFO">POST Request : url=https://getgeeks-users-daniel.herokuapp.com/users 
 path_url=/users 
 headers={'User-Agent': 'python-requests/2.26.0', 'Accept-Encoding': 'gzip, deflate', 'Accept': '*/*', 'Connection': 'keep-alive', 'Content-Length': '76', 'Content-Type': 'application/json'} 
 body=b'{"name": "Clint Barton", "email": "barton@shield.com", "password": "pwd123"}' 
 </msg>
<msg timestamp="20220131 09:41:50.783" level="INFO">POST Response : url=https://getgeeks-users-daniel.herokuapp.com/users 
 status=201, reason=Created 
 headers={'Server': 'Cowboy', 'Connection': 'keep-alive', 'X-Powered-By': 'Express', 'Access-Control-Allow-Origin': '*', 'Content-Type': 'application/json; charset=utf-8', 'Content-Length': '11', 'Etag': 'W/"b-PWIcepgRE+x4C/UHw8GYfR1deZ0"', 'Date': 'Mon, 31 Jan 2022 12:41:51 GMT', 'Via': '1.1 vegur'} 
 body={"id":1183} 
 </msg>
<msg timestamp="20220131 09:41:50.783" level="INFO">${response} = &lt;Response [201]&gt;</msg>
<status status="PASS" starttime="20220131 09:41:50.144" endtime="20220131 09:41:50.783"/>
</kw>
<msg timestamp="20220131 09:41:50.791" level="INFO">${response} = &lt;Response [201]&gt;</msg>
<status status="PASS" starttime="20220131 09:41:50.144" endtime="20220131 09:41:50.791"/>
</kw>
<kw name="Status Should Be" library="RequestsLibrary">
<arg>201</arg>
<arg>${response}</arg>
<doc>Fails if response status code is different than the expected.</doc>
<status status="PASS" starttime="20220131 09:41:50.791" endtime="20220131 09:41:50.791"/>
</kw>
<status status="PASS" starttime="20220131 09:41:48.841" endtime="20220131 09:41:50.791"/>
</test>
<doc>Users route test suite</doc>
<status status="PASS" starttime="20220131 09:41:48.431" endtime="20220131 09:41:50.791"/>
</suite>
<statistics>
<total>
<stat pass="1" fail="0" skip="0">All Tests</stat>
</total>
<tag>
</tag>
<suite>
<stat pass="1" fail="0" skip="0" id="s1" name="Users">Users</stat>
</suite>
</statistics>
<errors>
</errors>
</robot>
